Fri Sep 06 09:17:16 GMT+02:00 2013: aiWonGame=0;playerCards=17,2,6;playerHand=false;playerWonGame=0;aiScore=0;status=AI_MOVE;playerFirstHand=false;aiCards=18,35,30;deck=22,31,13,4,8,10,5,15,9,20,0,25,23,19,16,3,24,37,38,27,34,12,11,36,29,32,21,28,26,7,1,33,14;trump=39;playerScore=0;
Fri Sep 06 09:17:38 GMT+02:00 2013: aiWonGame=0;playerCards=17,2,6;aiCard=18;playerHand=false;playerWonGame=0;aiScore=0;status=PLAYER_MOVE;playerFirstHand=false;aiCards=35,30;deck=22,31,13,4,8,10,5,15,9,20,0,25,23,19,16,3,24,37,38,27,34,12,11,36,29,32,21,28,26,7,1,33,14;trump=39;playerScore=0;
Fri Sep 06 09:18:03 GMT+02:00 2013: aiWonGame=0;playerCards=17,6;aiCard=18;playerHand=false;playerWonGame=0;aiScore=0;status=CLOSE_HAND;playerFirstHand=false;aiCards=35,30;deck=22,31,13,4,8,10,5,15,9,20,0,25,23,19,16,3,24,37,38,27,34,12,11,36,29,32,21,28,26,7,1,33,14;playerCard=2;trump=39;playerScore=0;
Fri Sep 06 09:18:04 GMT+02:00 2013: aiWonGame=0;playerCards=17,6;playerHand=false;playerWonGame=0;aiScore=10;status=DEAL;playerFirstHand=false;aiCards=35,30;deck=22,31,13,4,8,10,5,15,9,20,0,25,23,19,16,3,24,37,38,27,34,12,11,36,29,32,21,28,26,7,1,33,14;trump=39;playerScore=0;
Fri Sep 06 09:18:04 GMT+02:00 2013: aiWonGame=0;playerCards=17,6,22;playerHand=false;playerWonGame=0;aiScore=10;status=AI_MOVE;playerFirstHand=false;aiCards=35,30,31;deck=13,4,8,10,5,15,9,20,0,25,23,19,16,3,24,37,38,27,34,12,11,36,29,32,21,28,26,7,1,33,14;trump=39;playerScore=0;
Fri Sep 06 09:18:25 GMT+02:00 2013: aiWonGame=0;playerCards=17,6,22;aiCard=35;playerHand=false;playerWonGame=0;aiScore=10;status=PLAYER_MOVE;playerFirstHand=false;aiCards=30,31;deck=13,4,8,10,5,15,9,20,0,25,23,19,16,3,24,37,38,27,34,12,11,36,29,32,21,28,26,7,1,33,14;trump=39;playerScore=0;
Fri Sep 06 09:19:04 GMT+02:00 2013: aiWonGame=0;playerCards=17,6;aiCard=35;playerHand=false;playerWonGame=0;aiScore=10;status=CLOSE_HAND;playerFirstHand=false;aiCards=30,31;deck=13,4,8,10,5,15,9,20,0,25,23,19,16,3,24,37,38,27,34,12,11,36,29,32,21,28,26,7,1,33,14;playerCard=22;trump=39;playerScore=0;
Fri Sep 06 09:19:05 GMT+02:00 2013: aiWonGame=0;playerCards=17,6;playerHand=false;playerWonGame=0;aiScore=12;status=DEAL;playerFirstHand=false;aiCards=30,31;deck=13,4,8,10,5,15,9,20,0,25,23,19,16,3,24,37,38,27,34,12,11,36,29,32,21,28,26,7,1,33,14;trump=39;playerScore=0;
Fri Sep 06 09:19:05 GMT+02:00 2013: aiWonGame=0;playerCards=17,6,13;playerHand=false;playerWonGame=0;aiScore=12;status=AI_MOVE;playerFirstHand=false;aiCards=30,31,4;deck=8,10,5,15,9,20,0,25,23,19,16,3,24,37,38,27,34,12,11,36,29,32,21,28,26,7,1,33,14;trump=39;playerScore=0;
Fri Sep 06 09:19:19 GMT+02:00 2013: aiWonGame=0;playerCards=17,6,13;aiCard=4;playerHand=false;playerWonGame=0;aiScore=12;status=PLAYER_MOVE;playerFirstHand=false;aiCards=30,31;deck=8,10,5,15,9,20,0,25,23,19,16,3,24,37,38,27,34,12,11,36,29,32,21,28,26,7,1,33,14;trump=39;playerScore=0;
Fri Sep 06 10:20:21 GMT+02:00 2013: aiWonGame=0;playerCards=17,6;aiCard=4;playerHand=false;playerWonGame=0;aiScore=12;status=CLOSE_HAND;playerFirstHand=false;aiCards=30,31;deck=8,10,5,15,9,20,0,25,23,19,16,3,24,37,38,27,34,12,11,36,29,32,21,28,26,7,1,33,14;playerCard=13;trump=39;playerScore=0;
Fri Sep 06 10:20:24 GMT+02:00 2013: aiWonGame=0;playerCards=17,6;playerHand=false;playerWonGame=0;aiScore=12;status=DEAL;playerFirstHand=false;aiCards=30,31;deck=8,10,5,15,9,20,0,25,23,19,16,3,24,37,38,27,34,12,11,36,29,32,21,28,26,7,1,33,14;trump=39;playerScore=0;
Fri Sep 06 10:20:24 GMT+02:00 2013: aiWonGame=0;playerCards=17,6,8;playerHand=false;playerWonGame=0;aiScore=12;status=AI_MOVE;playerFirstHand=false;aiCards=30,31,10;deck=5,15,9,20,0,25,23,19,16,3,24,37,38,27,34,12,11,36,29,32,21,28,26,7,1,33,14;trump=39;playerScore=0;
Fri Sep 06 10:20:37 GMT+02:00 2013: aiWonGame=0;playerCards=17,6,8;aiCard=10;playerHand=false;playerWonGame=0;aiScore=12;status=PLAYER_MOVE;playerFirstHand=false;aiCards=30,31;deck=5,15,9,20,0,25,23,19,16,3,24,37,38,27,34,12,11,36,29,32,21,28,26,7,1,33,14;trump=39;playerScore=0;
Fri Sep 06 10:20:42 GMT+02:00 2013: aiWonGame=0;playerCards=6,8;aiCard=10;playerHand=false;playerWonGame=0;aiScore=12;status=CLOSE_HAND;playerFirstHand=false;aiCards=30,31;deck=5,15,9,20,0,25,23,19,16,3,24,37,38,27,34,12,11,36,29,32,21,28,26,7,1,33,14;playerCard=17;trump=39;playerScore=0;
Fri Sep 06 10:20:43 GMT+02:00 2013: aiWonGame=0;playerCards=6,8;playerHand=true;playerWonGame=0;aiScore=12;status=DEAL;playerFirstHand=false;aiCards=30,31;deck=5,15,9,20,0,25,23,19,16,3,24,37,38,27,34,12,11,36,29,32,21,28,26,7,1,33,14;trump=39;playerScore=4;
Fri Sep 06 10:20:43 GMT+02:00 2013: aiWonGame=0;playerCards=6,8,5;playerHand=true;playerWonGame=0;aiScore=12;status=PLAYER_MOVE;playerFirstHand=false;aiCards=30,31,15;deck=9,20,0,25,23,19,16,3,24,37,38,27,34,12,11,36,29,32,21,28,26,7,1,33,14;trump=39;playerScore=4;
Fri Sep 06 10:28:34 GMT+02:00 2013: aiWonGame=6;playerCards=39,35;playerHand=true;playerWonGame=1;aiScore=57;status=DEAL;playerFirstHand=false;aiCards=32,14;deck=;trump=36;playerScore=50;
Fri Sep 06 10:28:34 GMT+02:00 2013: aiWonGame=6;playerCards=39,35;playerHand=true;playerWonGame=1;aiScore=57;status=PLAYER_MOVE;playerFirstHand=false;aiCards=32,14;deck=;trump=36;playerScore=50;
Fri Sep 06 10:28:39 GMT+02:00 2013: aiWonGame=6;playerCards=35;playerHand=true;playerWonGame=1;aiScore=57;status=AI_MOVE;playerFirstHand=false;aiCards=32,14;deck=;playerCard=39;trump=36;playerScore=50;
Fri Sep 06 10:28:39 GMT+02:00 2013: aiWonGame=6;playerCards=35;aiCard=32;playerHand=true;playerWonGame=1;aiScore=57;status=CLOSE_HAND;playerFirstHand=false;aiCards=14;deck=;playerCard=39;trump=36;playerScore=50;
Fri Sep 06 10:28:42 GMT+02:00 2013: aiWonGame=6;playerCards=35;playerHand=true;playerWonGame=2;aiScore=57;status=FINISHED;playerFirstHand=false;aiCards=14;deck=;trump=36;playerScore=61;
Fri Sep 06 10:28:42 GMT+02:00 2013: aiWonGame=6;playerCards=37,5,24;playerHand=true;playerWonGame=2;aiScore=0;status=PLAYER_MOVE;playerFirstHand=true;aiCards=11,38,20;deck=28,0,9,27,4,15,30,16,3,39,7,34,19,21,10,36,32,35,8,26,12,29,22,18,2,25,23,14,31,13,6,1,17;trump=33;playerScore=0;
Fri Sep 06 10:35:51 GMT+02:00 2013: aiWonGame=6;playerCards=39,36;aiCard=7;playerHand=false;playerWonGame=1;aiScore=57;status=CLOSE_HAND;playerFirstHand=false;aiCards=32,14;deck=;playerCard=35;trump=36;playerScore=43;
Fri Sep 06 10:35:52 GMT+02:00 2013: aiWonGame=6;playerCards=39,36;playerHand=true;playerWonGame=1;aiScore=57;status=DEAL;playerFirstHand=false;aiCards=32,14;deck=;trump=36;playerScore=49;
Fri Sep 06 10:35:52 GMT+02:00 2013: aiWonGame=6;playerCards=39,36;playerHand=true;playerWonGame=1;aiScore=57;status=PLAYER_MOVE;playerFirstHand=false;aiCards=32,14;deck=;trump=36;playerScore=49;
Fri Sep 06 10:35:56 GMT+02:00 2013: aiWonGame=6;playerCards=39;playerHand=true;playerWonGame=1;aiScore=57;status=AI_MOVE;playerFirstHand=false;aiCards=32,14;deck=;playerCard=36;trump=36;playerScore=49;
Fri Sep 06 10:35:56 GMT+02:00 2013: aiWonGame=6;playerCards=39;aiCard=32;playerHand=true;playerWonGame=1;aiScore=57;status=CLOSE_HAND;playerFirstHand=false;aiCards=14;deck=;playerCard=36;trump=36;playerScore=49;
Fri Sep 06 10:36:01 GMT+02:00 2013: aiWonGame=6;playerCards=39;playerHand=true;playerWonGame=1;aiScore=57;status=DEAL;playerFirstHand=false;aiCards=14;deck=;trump=36;playerScore=52;
Fri Sep 06 10:36:01 GMT+02:00 2013: aiWonGame=6;playerCards=39;playerHand=true;playerWonGame=1;aiScore=57;status=PLAYER_MOVE;playerFirstHand=false;aiCards=14;deck=;trump=36;playerScore=52;
Fri Sep 06 10:36:03 GMT+02:00 2013: aiWonGame=6;playerCards=;playerHand=true;playerWonGame=1;aiScore=57;status=AI_MOVE;playerFirstHand=false;aiCards=14;deck=;playerCard=39;trump=36;playerScore=52;
Fri Sep 06 10:36:04 GMT+02:00 2013: aiWonGame=6;playerCards=;aiCard=14;playerHand=true;playerWonGame=1;aiScore=57;status=CLOSE_HAND;playerFirstHand=false;aiCards=;deck=;playerCard=39;trump=36;playerScore=52;
Fri Sep 06 10:36:14 GMT+02:00 2013: aiWonGame=6;playerCards=;playerHand=true;playerWonGame=2;aiScore=57;status=FINISHED;playerFirstHand=false;aiCards=;deck=;trump=36;playerScore=63;
Fri Sep 06 10:36:14 GMT+02:00 2013: aiWonGame=6;playerCards=1,2,22;playerHand=true;playerWonGame=2;aiScore=0;status=PLAYER_MOVE;playerFirstHand=true;aiCards=8,28,36;deck=10,25,6,3,4,38,19,27,29,37,23,12,7,0,21,30,26,14,13,34,20,24,11,17,15,9,33,35,16,31,32,18,5;trump=39;playerScore=0;
Fri Sep 06 10:36:24 GMT+02:00 2013: aiWonGame=6;playerCards=2,22;playerHand=true;playerWonGame=2;aiScore=0;status=AI_MOVE;playerFirstHand=true;aiCards=8,28,36;deck=10,25,6,3,4,38,19,27,29,37,23,12,7,0,21,30,26,14,13,34,20,24,11,17,15,9,33,35,16,31,32,18,5;playerCard=1;trump=39;playerScore=0;
Fri Sep 06 10:36:37 GMT+02:00 2013: aiWonGame=6;playerCards=2,22;aiCard=8;playerHand=true;playerWonGame=2;aiScore=0;status=CLOSE_HAND;playerFirstHand=true;aiCards=28,36;deck=10,25,6,3,4,38,19,27,29,37,23,12,7,0,21,30,26,14,13,34,20,24,11,17,15,9,33,35,16,31,32,18,5;playerCard=1;trump=39;playerScore=0;
Fri Sep 06 10:48:22 GMT+02:00 2013: aiWonGame=6;playerCards=39,36;aiCard=7;playerHand=false;playerWonGame=1;aiScore=57;status=CLOSE_HAND;playerFirstHand=false;aiCards=32,14;deck=;playerCard=35;trump=36;playerScore=43;
Fri Sep 06 10:48:22 GMT+02:00 2013: aiWonGame=6;playerCards=39,36;playerHand=true;playerWonGame=1;aiScore=57;status=DEAL;playerFirstHand=false;aiCards=32,14;deck=;trump=36;playerScore=49;
Fri Sep 06 10:48:23 GMT+02:00 2013: aiWonGame=6;playerCards=39,36;playerHand=true;playerWonGame=1;aiScore=57;status=PLAYER_MOVE;playerFirstHand=false;aiCards=32,14;deck=;trump=36;playerScore=49;
Fri Sep 06 10:48:25 GMT+02:00 2013: aiWonGame=6;playerCards=39;playerHand=true;playerWonGame=1;aiScore=57;status=AI_MOVE;playerFirstHand=false;aiCards=32,14;deck=;playerCard=36;trump=36;playerScore=49;
Fri Sep 06 10:48:26 GMT+02:00 2013: aiWonGame=6;playerCards=39;aiCard=32;playerHand=true;playerWonGame=1;aiScore=57;status=CLOSE_HAND;playerFirstHand=false;aiCards=14;deck=;playerCard=36;trump=36;playerScore=49;
Fri Sep 06 10:48:27 GMT+02:00 2013: aiWonGame=6;playerCards=39;playerHand=true;playerWonGame=1;aiScore=57;status=DEAL;playerFirstHand=false;aiCards=14;deck=;trump=36;playerScore=52;
Fri Sep 06 10:48:27 GMT+02:00 2013: aiWonGame=6;playerCards=39;playerHand=true;playerWonGame=1;aiScore=57;status=PLAYER_MOVE;playerFirstHand=false;aiCards=14;deck=;trump=36;playerScore=52;
Fri Sep 06 10:48:28 GMT+02:00 2013: aiWonGame=6;playerCards=;playerHand=true;playerWonGame=1;aiScore=57;status=AI_MOVE;playerFirstHand=false;aiCards=14;deck=;playerCard=39;trump=36;playerScore=52;
Fri Sep 06 10:48:29 GMT+02:00 2013: aiWonGame=6;playerCards=;aiCard=14;playerHand=true;playerWonGame=1;aiScore=57;status=CLOSE_HAND;playerFirstHand=false;aiCards=;deck=;playerCard=39;trump=36;playerScore=52;
Fri Sep 06 10:48:32 GMT+02:00 2013: aiWonGame=6;playerCards=;playerHand=true;playerWonGame=2;aiScore=57;status=FINISHED;playerFirstHand=false;aiCards=;deck=;trump=36;playerScore=63;
Fri Sep 06 10:48:32 GMT+02:00 2013: aiWonGame=6;playerCards=27,29,25;playerHand=true;playerWonGame=2;aiScore=0;status=PLAYER_MOVE;playerFirstHand=true;aiCards=0,22,6;deck=8,5,36,13,37,15,7,21,31,24,4,35,23,30,10,17,38,28,3,18,14,2,33,32,20,1,19,16,9,39,11,26,12;trump=34;playerScore=0;
Fri Sep 06 10:48:41 GMT+02:00 2013: aiWonGame=6;playerCards=27,29;playerHand=true;playerWonGame=2;aiScore=0;status=AI_MOVE;playerFirstHand=true;aiCards=0,22,6;deck=8,5,36,13,37,15,7,21,31,24,4,35,23,30,10,17,38,28,3,18,14,2,33,32,20,1,19,16,9,39,11,26,12;playerCard=25;trump=34;playerScore=0;
Fri Sep 06 10:48:43 GMT+02:00 2013: aiWonGame=6;playerCards=27,29;aiCard=22;playerHand=true;playerWonGame=2;aiScore=0;status=CLOSE_HAND;playerFirstHand=true;aiCards=0,6;deck=8,5,36,13,37,15,7,21,31,24,4,35,23,30,10,17,38,28,3,18,14,2,33,32,20,1,19,16,9,39,11,26,12;playerCard=25;trump=34;playerScore=0;
Fri Sep 06 10:48:47 GMT+02:00 2013: aiWonGame=6;playerCards=27,29;playerHand=true;playerWonGame=2;aiScore=0;status=DEAL;playerFirstHand=true;aiCards=0,6;deck=8,5,36,13,37,15,7,21,31,24,4,35,23,30,10,17,38,28,3,18,14,2,33,32,20,1,19,16,9,39,11,26,12;trump=34;playerScore=2;
Fri Sep 06 10:48:47 GMT+02:00 2013: aiWonGame=6;playerCards=27,29,8;playerHand=true;playerWonGame=2;aiScore=0;status=PLAYER_MOVE;playerFirstHand=true;aiCards=0,6,5;deck=36,13,37,15,7,21,31,24,4,35,23,30,10,17,38,28,3,18,14,2,33,32,20,1,19,16,9,39,11,26,12;trump=34;playerScore=2;
Fri Sep 06 10:48:52 GMT+02:00 2013: aiWonGame=6;playerCards=29,8;playerHand=true;playerWonGame=2;aiScore=0;status=AI_MOVE;playerFirstHand=true;aiCards=0,6,5;deck=36,13,37,15,7,21,31,24,4,35,23,30,10,17,38,28,3,18,14,2,33,32,20,1,19,16,9,39,11,26,12;playerCard=27;trump=34;playerScore=2;
Fri Sep 06 10:48:53 GMT+02:00 2013: aiWonGame=6;playerCards=29,8;aiCard=6;playerHand=true;playerWonGame=2;aiScore=0;status=CLOSE_HAND;playerFirstHand=true;aiCards=0,5;deck=36,13,37,15,7,21,31,24,4,35,23,30,10,17,38,28,3,18,14,2,33,32,20,1,19,16,9,39,11,26,12;playerCard=27;trump=34;playerScore=2;
Fri Sep 06 10:48:57 GMT+02:00 2013: aiWonGame=6;playerCards=29,8;playerHand=true;playerWonGame=2;aiScore=0;status=DEAL;playerFirstHand=true;aiCards=0,5;deck=36,13,37,15,7,21,31,24,4,35,23,30,10,17,38,28,3,18,14,2,33,32,20,1,19,16,9,39,11,26,12;trump=34;playerScore=9;
Fri Sep 06 10:48:57 GMT+02:00 2013: aiWonGame=6;playerCards=29,8,36;playerHand=true;playerWonGame=2;aiScore=0;status=PLAYER_MOVE;playerFirstHand=true;aiCards=0,5,13;deck=37,15,7,21,31,24,4,35,23,30,10,17,38,28,3,18,14,2,33,32,20,1,19,16,9,39,11,26,12;trump=34;playerScore=9;
Fri Sep 06 10:49:12 GMT+02:00 2013: aiWonGame=6;playerCards=29,8;playerHand=true;playerWonGame=2;aiScore=0;status=AI_MOVE;playerFirstHand=true;aiCards=0,5,13;deck=37,15,7,21,31,24,4,35,23,30,10,17,38,28,3,18,14,2,33,32,20,1,19,16,9,39,11,26,12;playerCard=36;trump=34;playerScore=9;
Fri Sep 06 10:49:13 GMT+02:00 2013: aiWonGame=6;playerCards=29,8;aiCard=5;playerHand=true;playerWonGame=2;aiScore=0;status=CLOSE_HAND;playerFirstHand=true;aiCards=0,13;deck=37,15,7,21,31,24,4,35,23,30,10,17,38,28,3,18,14,2,33,32,20,1,19,16,9,39,11,26,12;playerCard=36;trump=34;playerScore=9;
Fri Sep 06 10:49:17 GMT+02:00 2013: aiWonGame=6;playerCards=29,8;playerHand=true;playerWonGame=2;aiScore=0;status=DEAL;playerFirstHand=true;aiCards=0,13;deck=37,15,7,21,31,24,4,35,23,30,10,17,38,28,3,18,14,2,33,32,20,1,19,16,9,39,11,26,12;trump=34;playerScore=14;
Fri Sep 06 10:49:17 GMT+02:00 2013: aiWonGame=6;playerCards=29,8,37;playerHand=true;playerWonGame=2;aiScore=0;status=PLAYER_MOVE;playerFirstHand=true;aiCards=0,13,15;deck=7,21,31,24,4,35,23,30,10,17,38,28,3,18,14,2,33,32,20,1,19,16,9,39,11,26,12;trump=34;playerScore=14;
Fri Sep 06 10:49:21 GMT+02:00 2013: aiWonGame=6;playerCards=29,8;playerHand=true;playerWonGame=2;aiScore=0;status=AI_MOVE;playerFirstHand=true;aiCards=0,13,15;deck=7,21,31,24,4,35,23,30,10,17,38,28,3,18,14,2,33,32,20,1,19,16,9,39,11,26,12;playerCard=37;trump=34;playerScore=14;
Fri Sep 06 10:49:22 GMT+02:00 2013: aiWonGame=6;playerCards=29,8;aiCard=13;playerHand=true;playerWonGame=2;aiScore=0;status=CLOSE_HAND;playerFirstHand=true;aiCards=0,15;deck=7,21,31,24,4,35,23,30,10,17,38,28,3,18,14,2,33,32,20,1,19,16,9,39,11,26,12;playerCard=37;trump=34;playerScore=14;
Fri Sep 06 10:49:23 GMT+02:00 2013: aiWonGame=6;playerCards=29,8;playerHand=true;playerWonGame=2;aiScore=0;status=DEAL;playerFirstHand=true;aiCards=0,15;deck=7,21,31,24,4,35,23,30,10,17,38,28,3,18,14,2,33,32,20,1,19,16,9,39,11,26,12;trump=34;playerScore=18;
Fri Sep 06 10:49:23 GMT+02:00 2013: aiWonGame=6;playerCards=29,8,7;playerHand=true;playerWonGame=2;aiScore=0;status=PLAYER_MOVE;playerFirstHand=true;aiCards=0,15,21;deck=31,24,4,35,23,30,10,17,38,28,3,18,14,2,33,32,20,1,19,16,9,39,11,26,12;trump=34;playerScore=18;
Fri Sep 06 10:49:26 GMT+02:00 2013: aiWonGame=6;playerCards=29,8;playerHand=true;playerWonGame=2;aiScore=0;status=AI_MOVE;playerFirstHand=true;aiCards=0,15,21;deck=31,24,4,35,23,30,10,17,38,28,3,18,14,2,33,32,20,1,19,16,9,39,11,26,12;playerCard=7;trump=34;playerScore=18;
Fri Sep 06 10:49:27 GMT+02:00 2013: aiWonGame=6;playerCards=29,8;aiCard=15;playerHand=true;playerWonGame=2;aiScore=0;status=CLOSE_HAND;playerFirstHand=true;aiCards=0,21;deck=31,24,4,35,23,30,10,17,38,28,3,18,14,2,33,32,20,1,19,16,9,39,11,26,12;playerCard=7;trump=34;playerScore=18;
Fri Sep 06 10:49:29 GMT+02:00 2013: aiWonGame=6;playerCards=29,8;playerHand=true;playerWonGame=2;aiScore=0;status=DEAL;playerFirstHand=true;aiCards=0,21;deck=31,24,4,35,23,30,10,17,38,28,3,18,14,2,33,32,20,1,19,16,9,39,11,26,12;trump=34;playerScore=24;
Fri Sep 06 10:49:29 GMT+02:00 2013: aiWonGame=6;playerCards=29,8,31;playerHand=true;playerWonGame=2;aiScore=0;status=PLAYER_MOVE;playerFirstHand=true;aiCards=0,21,24;deck=4,35,23,30,10,17,38,28,3,18,14,2,33,32,20,1,19,16,9,39,11,26,12;trump=34;playerScore=24;
Fri Sep 06 10:49:32 GMT+02:00 2013: aiWonGame=6;playerCards=29,8;playerHand=true;playerWonGame=2;aiScore=0;status=AI_MOVE;playerFirstHand=true;aiCards=0,21,24;deck=4,35,23,30,10,17,38,28,3,18,14,2,33,32,20,1,19,16,9,39,11,26,12;playerCard=31;trump=34;playerScore=24;
Fri Sep 06 10:49:33 GMT+02:00 2013: aiWonGame=6;playerCards=29,8;aiCard=21;playerHand=true;playerWonGame=2;aiScore=0;status=CLOSE_HAND;playerFirstHand=true;aiCards=0,24;deck=4,35,23,30,10,17,38,28,3,18,14,2,33,32,20,1,19,16,9,39,11,26,12;playerCard=31;trump=34;playerScore=24;
Fri Sep 06 10:49:34 GMT+02:00 2013: aiWonGame=6;playerCards=29,8;playerHand=true;playerWonGame=2;aiScore=0;status=DEAL;playerFirstHand=true;aiCards=0,24;deck=4,35,23,30,10,17,38,28,3,18,14,2,33,32,20,1,19,16,9,39,11,26,12;trump=34;playerScore=24;
Fri Sep 06 10:49:34 GMT+02:00 2013: aiWonGame=6;playerCards=29,8,4;playerHand=true;playerWonGame=2;aiScore=0;status=PLAYER_MOVE;playerFirstHand=true;aiCards=0,24,35;deck=23,30,10,17,38,28,3,18,14,2,33,32,20,1,19,16,9,39,11,26,12;trump=34;playerScore=24;
Fri Sep 06 10:49:37 GMT+02:00 2013: aiWonGame=6;playerCards=29,8;playerHand=true;playerWonGame=2;aiScore=0;status=AI_MOVE;playerFirstHand=true;aiCards=0,24,35;deck=23,30,10,17,38,28,3,18,14,2,33,32,20,1,19,16,9,39,11,26,12;playerCard=4;trump=34;playerScore=24;
Fri Sep 06 10:49:47 GMT+02:00 2013: aiWonGame=6;playerCards=29,8;aiCard=35;playerHand=true;playerWonGame=2;aiScore=0;status=CLOSE_HAND;playerFirstHand=true;aiCards=0,24;deck=23,30,10,17,38,28,3,18,14,2,33,32,20,1,19,16,9,39,11,26,12;playerCard=4;trump=34;playerScore=24;
Fri Sep 06 10:49:50 GMT+02:00 2013: aiWonGame=6;playerCards=29,8;playerHand=false;playerWonGame=2;aiScore=2;status=DEAL;playerFirstHand=true;aiCards=0,24;deck=23,30,10,17,38,28,3,18,14,2,33,32,20,1,19,16,9,39,11,26,12;trump=34;playerScore=24;
Fri Sep 06 10:49:50 GMT+02:00 2013: aiWonGame=6;playerCards=29,8,23;playerHand=false;playerWonGame=2;aiScore=2;status=AI_MOVE;playerFirstHand=true;aiCards=0,24,30;deck=10,17,38,28,3,18,14,2,33,32,20,1,19,16,9,39,11,26,12;trump=34;playerScore=24;
Fri Sep 06 10:50:00 GMT+02:00 2013: aiWonGame=6;playerCards=29,8;playerHand=false;playerWonGame=2;aiScore=2;status=DEAL;playerFirstHand=true;aiCards=0,24;deck=23,30,10,17,38,28,3,18,14,2,33,32,20,1,19,16,9,39,11,26,12;trump=34;playerScore=24;
Fri Sep 06 10:50:00 GMT+02:00 2013: aiWonGame=6;playerCards=29,8,23;playerHand=false;playerWonGame=2;aiScore=2;status=AI_MOVE;playerFirstHand=true;aiCards=0,24,30;deck=10,17,38,28,3,18,14,2,33,32,20,1,19,16,9,39,11,26,12;trump=34;playerScore=24;
Fri Sep 06 10:50:14 GMT+02:00 2013: aiWonGame=6;playerCards=29,8,23;aiCard=0;playerHand=false;playerWonGame=2;aiScore=2;status=PLAYER_MOVE;playerFirstHand=true;aiCards=24,30;deck=10,17,38,28,3,18,14,2,33,32,20,1,19,16,9,39,11,26,12;trump=34;playerScore=24;
Fri Sep 06 10:50:18 GMT+02:00 2013: aiWonGame=6;playerCards=29,23;aiCard=0;playerHand=false;playerWonGame=2;aiScore=2;status=CLOSE_HAND;playerFirstHand=true;aiCards=24,30;deck=10,17,38,28,3,18,14,2,33,32,20,1,19,16,9,39,11,26,12;playerCard=8;trump=34;playerScore=24;
Fri Sep 06 10:50:18 GMT+02:00 2013: aiWonGame=6;playerCards=29,23;playerHand=true;playerWonGame=2;aiScore=2;status=DEAL;playerFirstHand=true;aiCards=24,30;deck=10,17,38,28,3,18,14,2,33,32,20,1,19,16,9,39,11,26,12;trump=34;playerScore=34;
Fri Sep 06 10:50:18 GMT+02:00 2013: aiWonGame=6;playerCards=29,23,10;playerHand=true;playerWonGame=2;aiScore=2;status=PLAYER_MOVE;playerFirstHand=true;aiCards=24,30,17;deck=38,28,3,18,14,2,33,32,20,1,19,16,9,39,11,26,12;trump=34;playerScore=34;
Fri Sep 06 10:50:21 GMT+02:00 2013: aiWonGame=6;playerCards=29,23;playerHand=true;playerWonGame=2;aiScore=2;status=AI_MOVE;playerFirstHand=true;aiCards=24,30,17;deck=38,28,3,18,14,2,33,32,20,1,19,16,9,39,11,26,12;playerCard=10;trump=34;playerScore=34;
Fri Sep 06 10:50:32 GMT+02:00 2013: aiWonGame=6;playerCards=29,23;aiCard=17;playerHand=true;playerWonGame=2;aiScore=2;status=CLOSE_HAND;playerFirstHand=true;aiCards=24,30;deck=38,28,3,18,14,2,33,32,20,1,19,16,9,39,11,26,12;playerCard=10;trump=34;playerScore=34;
Fri Sep 06 10:50:34 GMT+02:00 2013: aiWonGame=6;playerCards=29,23;playerHand=false;playerWonGame=2;aiScore=6;status=DEAL;playerFirstHand=true;aiCards=24,30;deck=38,28,3,18,14,2,33,32,20,1,19,16,9,39,11,26,12;trump=34;playerScore=34;
Fri Sep 06 10:50:34 GMT+02:00 2013: aiWonGame=6;playerCards=29,23,38;playerHand=false;playerWonGame=2;aiScore=6;status=AI_MOVE;playerFirstHand=true;aiCards=24,30,28;deck=3,18,14,2,33,32,20,1,19,16,9,39,11,26,12;trump=34;playerScore=34;
Fri Sep 06 10:50:47 GMT+02:00 2013: aiWonGame=6;playerCards=29,23,38;aiCard=28;playerHand=false;playerWonGame=2;aiScore=6;status=PLAYER_MOVE;playerFirstHand=true;aiCards=24,30;deck=3,18,14,2,33,32,20,1,19,16,9,39,11,26,12;trump=34;playerScore=34;
Fri Sep 06 10:50:51 GMT+02:00 2013: aiWonGame=6;playerCards=23,38;aiCard=28;playerHand=false;playerWonGame=2;aiScore=6;status=CLOSE_HAND;playerFirstHand=true;aiCards=24,30;deck=3,18,14,2,33,32,20,1,19,16,9,39,11,26,12;playerCard=29;trump=34;playerScore=34;
Fri Sep 06 10:50:51 GMT+02:00 2013: aiWonGame=6;playerCards=23,38;playerHand=true;playerWonGame=2;aiScore=6;status=DEAL;playerFirstHand=true;aiCards=24,30;deck=3,18,14,2,33,32,20,1,19,16,9,39,11,26,12;trump=34;playerScore=55;
Fri Sep 06 10:50:51 GMT+02:00 2013: aiWonGame=6;playerCards=23,38,3;playerHand=true;playerWonGame=2;aiScore=6;status=PLAYER_MOVE;playerFirstHand=true;aiCards=24,30,18;deck=14,2,33,32,20,1,19,16,9,39,11,26,12;trump=34;playerScore=55;
Fri Sep 06 10:50:54 GMT+02:00 2013: aiWonGame=6;playerCards=23,3;playerHand=true;playerWonGame=2;aiScore=6;status=AI_MOVE;playerFirstHand=true;aiCards=24,30,18;deck=14,2,33,32,20,1,19,16,9,39,11,26,12;playerCard=38;trump=34;playerScore=55;
Fri Sep 06 10:50:55 GMT+02:00 2013: aiWonGame=6;playerCards=23,3;aiCard=30;playerHand=true;playerWonGame=2;aiScore=6;status=CLOSE_HAND;playerFirstHand=true;aiCards=24,18;deck=14,2,33,32,20,1,19,16,9,39,11,26,12;playerCard=38;trump=34;playerScore=55;
Fri Sep 06 10:50:57 GMT+02:00 2013: aiWonGame=6;playerCards=23,3;playerHand=true;playerWonGame=3;aiScore=6;status=FINISHED;playerFirstHand=true;aiCards=24,18;deck=14,2,33,32,20,1,19,16,9,39,11,26,12;trump=34;playerScore=65;
Fri Sep 06 10:50:57 GMT+02:00 2013: aiWonGame=6;playerCards=26,4,27;playerHand=false;playerWonGame=3;aiScore=0;status=AI_MOVE;playerFirstHand=false;aiCards=23,11,7;deck=0,2,31,28,16,3,14,12,34,21,30,37,9,38,10,13,35,6,19,32,24,15,29,36,18,33,25,39,20,8,22,17,1;trump=5;playerScore=0;
Fri Sep 06 10:51:14 GMT+02:00 2013: aiWonGame=6;playerCards=6,33,28;playerHand=false;playerWonGame=3;aiScore=0;status=AI_MOVE;playerFirstHand=false;aiCards=12,11,32;deck=10,26,4,25,34,15,27,9,0,7,24,17,19,1,13,22,8,2,31,37,35,39,18,30,38,23,14,20,5,3,29,16,36;trump=21;playerScore=0;
Fri Sep 06 10:51:25 GMT+02:00 2013: aiWonGame=6;playerCards=20,27,8;playerHand=false;playerWonGame=3;aiScore=0;status=AI_MOVE;playerFirstHand=false;aiCards=30,15,26;deck=13,6,1,31,19,0,5,33,35,23,32,2,25,4,3,16,39,9,12,21,22,36,14,37,38,24,29,28,17,7,34,10,11;trump=18;playerScore=0;
Fri Sep 06 10:51:57 GMT+02:00 2013: aiWonGame=6;playerCards=6,33,28;aiCard=12;playerHand=false;playerWonGame=3;aiScore=0;status=PLAYER_MOVE;playerFirstHand=false;aiCards=11,32;deck=10,26,4,25,34,15,27,9,0,7,24,17,19,1,13,22,8,2,31,37,35,39,18,30,38,23,14,20,5,3,29,16,36;trump=21;playerScore=0;
